<?xml version="1.0" encoding="UTF-8"?>
<!-- Generated by org.testng.reporters.JUnitXMLReporter -->
<testsuite ignored="0" hostname="HP" failures="1" tests="1" name="Test(failed)" time="5.557" errors="0" timestamp="2026-03-10T23:50:19 IST">
  <testcase classname="testCases.TC001_AccountRegistrationTest" name="verifyAcc_regestration" time="2.507">
    <failure type="java.lang.AssertionError" message="expected [true] but found [false]">
      <![CDATA[java.lang.AssertionError: expected [true] but found [false]
at testCases.TC001_AccountRegistrationTest.verifyAcc_regestration(TC001_AccountRegistrationTest.java:48)
at java.base/java.util.ArrayList.forEach(ArrayList.java:1597)
... Removed 29 stack frames]]>
    </failure>
  </testcase> <!-- verifyAcc_regestration -->
</testsuite> <!-- Test(failed) -->
