<?xml version="1.0" encoding="UTF-8"?>
<!-- Generated by org.testng.reporters.JUnitXMLReporter -->
<testsuite ignored="0" hostname="HP" failures="1" tests="2" name="Test" time="10.078" errors="0" timestamp="2026-03-10T23:26:55 IST">
  <testcase classname="testCases.TC001_AccountRegistrationTest" name="verifyAcc_regestration" time="1.868">
    <failure type="java.lang.AssertionError" message="expected [true] but found [false]">
      <![CDATA[java.lang.AssertionError: expected [true] but found [false]
at testCases.TC001_AccountRegistrationTest.verifyAcc_regestration(TC001_AccountRegistrationTest.java:48)
at java.base/java.util.ArrayList.forEach(ArrayList.java:1597)
... Removed 29 stack frames]]>
    </failure>
  </testcase> <!-- verifyAcc_regestration -->
  <testcase classname="testCases.TC002_LoginTest" name="verify_login" time="1.342"/>
</testsuite> <!-- Test -->
